C51 COMPILER V9.56.0.0   LCD                                                               12/12/2017 21:20:05 PAGE 1   


C51 COMPILER V9.56.0.0, COMPILATION OF MODULE LCD
OBJECT MODULE PLACED IN lcd.OBJ
COMPILER INVOKED BY: E:\Keil_v5\C51\BIN\C51.EXE lcd.c OPTIMIZE(8,SPEED) BROWSE DEBUG OBJECTEXTEND TABS(2)

line level    source

   1          #include "lcd.h"
   2          #include "reg52.h"
   3          
   4          
   5          /*******************************************************************************
   6          * 函 数 名         : Lcd1602_Delay1ms
   7          * 函数功能       : 延时函数，延时1ms
   8          * 输    入         : c
   9          * 输    出         : 无
  10          * 说    名         : 该函数是在12MHZ晶振下，12分频单片机的延时。
  11          *******************************************************************************/
  12          
  13          void Lcd1602_Delay1ms(uint c)   //误差 0us
  14          {
  15   1          uchar a,b;              
  16   1        for (; c>0; c--)
  17   1        {
  18   2           for (b=199;b>0;b--)
  19   2           {
  20   3              for(a=1;a>0;a--);
  21   3           }      
  22   2        }
  23   1      }  
  24          
  25          /*
  26          void Lcd1602_Delay1ms(uint c)    //精确延时
  27          { 
  28          
  29            #pragma asm                   
  30              MOV R0,#0FFH
  31              MOV R1,#0FFH
  32              D_LOOP1:
  33              DJNZ R0,D_LOOP1
  34              MOV R0,#0FFH
  35              DJNZ R1,D_LOOP
  36            #pragma endasm
  37          } 
  38            */
  39          
  40          
  41          /*******************************************************************************
  42          * 函 数 名         : LcdWriteCom
  43          * 函数功能       : 向LCD写入一个字节的命令
  44          * 输    入         : com
  45          * 输    出         : 无
  46          *******************************************************************************/
  47          
  48          void LcdWriteCom(uchar com)   //写入命令
  49          {
  50   1        LCD1602_E = 0;     //使能
  51   1        LCD1602_RS = 0;    //选择发送命令
  52   1        LCD1602_RW = 0;    //选择写入
  53   1        
  54   1        LCD1602_DATAPINS = com;     //放入命令
  55   1        Lcd1602_Delay1ms(1);    //等待数据稳定
C51 COMPILER V9.56.0.0   LCD                                                               12/12/2017 21:20:05 PAGE 2   

  56   1      
  57   1        LCD1602_E = 1;            //写入时序
  58   1        Lcd1602_Delay1ms(5);    //保持时间
  59   1        LCD1602_E = 0;
  60   1      }
  61          
  62          /*******************************************************************************
  63          * 函 数 名         : LcdWriteData
  64          * 函数功能       : 向LCD写入一个字节的数据
  65          * 输    入         : dat
  66          * 输    出         : 无
  67          *******************************************************************************/       
  68          
  69          void LcdWriteData(uchar dat)      //写入数据
  70          {
  71   1        LCD1602_E = 0;  //使能清零
  72   1        LCD1602_RS = 1; //选择输入数据
  73   1        LCD1602_RW = 0; //选择写入
  74   1      
  75   1        LCD1602_DATAPINS = dat; //写入数据
  76   1        Lcd1602_Delay1ms(1);
  77   1      
  78   1        LCD1602_E = 1;   //写入时序
  79   1        Lcd1602_Delay1ms(5);   //保持时间
  80   1        LCD1602_E = 0;
  81   1      }
  82          
  83          /*******************************************************************************
  84          * 函 数 名       : LcdInit()
  85          * 函数功能     : 初始化LCD屏
  86          * 输    入       : 无
  87          * 输    出       : 无
  88          *******************************************************************************/       
  89          
  90          void LcdInit()              //LCD初始化子程序
  91          {
  92   1        LcdWriteCom(0x38);  //开显示
  93   1        LcdWriteCom(0x0c);  //开显示不显示光标
  94   1        LcdWriteCom(0x06);  //写一个指针加1
  95   1        LcdWriteCom(0x01);  //清屏
  96   1        LcdWriteCom(0x80);  //设置数据指针起点
  97   1      }
  98          
  99          void BEED(void)
 100          { 
 101   1        if(K4==0)
 102   1        {
 103   2          Beed=1;K4=1;
 104   2        }
 105   1      else 
 106   1        {
 107   2          Beed=0;Lcd1602_Delay1ms(10);Beed=1;
 108   2        }
 109   1      }


MODULE INFORMATION:   STATIC OVERLAYABLE
   CODE SIZE        =    107    ----
   CONSTANT SIZE    =   ----    ----
   XDATA SIZE       =   ----    ----
   PDATA SIZE       =   ----    ----
   DATA SIZE        =   ----    ----
C51 COMPILER V9.56.0.0   LCD                                                               12/12/2017 21:20:05 PAGE 3   

   IDATA SIZE       =   ----    ----
   BIT SIZE         =   ----    ----
END OF MODULE INFORMATION.


C51 COMPILATION COMPLETE.  0 WARNING(S),  0 ERROR(S)
