C51 COMPILER V9.56.0.0   XIANSHI                                                           12/07/2017 12:16:44 PAGE 1   


C51 COMPILER V9.56.0.0, COMPILATION OF MODULE XIANSHI
OBJECT MODULE PLACED IN xianshi.OBJ
COMPILER INVOKED BY: E:\Keil_v5\C51\BIN\C51.EXE xianshi.c OPTIMIZE(8,SPEED) BROWSE DEBUG OBJECTEXTEND TABS(2)

line level    source

   1          #include "lcd.h"
   2          #include "reg52.h"  
   3          
   4          void jishi()
   5          {
   6   1        if(K1==0)
   7   1        {
   8   2         
   9   2        while(1)
  10   2        {
  11   3      
  12   3         
  13   3        for(i=0;i<10;i++)
*** ERROR C202 IN LINE 13 OF xianshi.c: 'i': undefined identifier
  14   3        {
  15   4          LcdWriteCom(0xC6);
  16   4          LcdWriteData('0'+i);
*** ERROR C202 IN LINE 16 OF xianshi.c: 'i': undefined identifier
  17   4          Lcd1602_Delay1ms(100);
  18   4          
  19   4          if(K2==0)                   //暂停键是否按下
  20   4          { 
  21   5            while(1)
  22   5            {
  23   6              if(K2==~K2)
  24   6                break;
  25   6            if(K3==0)                  //清零键是否按下
  26   6          {  
  27   7            while(1)
  28   7            { if(K3==0)
  29   8              {break;}
  30   8            }
  31   7      
  32   7            } if(K3==0)
  33   6              {break;}
  34   6      
  35   6          }
  36   5            if(K3==0)
  37   5              {break;}
  38   5          }
  39   4            if(K3==0)
  40   4              {break;}
  41   4        }  
  42   3          if(K3==0)
  43   3              {break;}
  44   3              
  45   3            if(flag)
*** ERROR C202 IN LINE 45 OF xianshi.c: 'flag': undefined identifier
  46   3            { Beed=1;}
  47   3            else{Beed=0;Lcd1602_Delay1ms(10);Beed=1;               //蜂鸣器发声
  48   4            }
  49   3           
  50   3      
  51   3      
  52   3          LcdWriteCom(0xC4);   //1秒位
C51 COMPILER V9.56.0.0   XIANSHI                                                           12/07/2017 12:16:44 PAGE 2   

  53   3          if(t1<10||t1==10)
*** ERROR C202 IN LINE 53 OF xianshi.c: 't1': undefined identifier
  54   3          {LcdWriteData('0'+t1++);}
*** ERROR C202 IN LINE 54 OF xianshi.c: 't1': undefined identifier
  55   3          if(t1>10)
*** ERROR C202 IN LINE 55 OF xianshi.c: 't1': undefined identifier
  56   3          {t1=1;LcdWriteCom(0xC4);LcdWriteData('0');t2++;}
*** ERROR C202 IN LINE 56 OF xianshi.c: 't1': undefined identifier
*** ERROR C202 IN LINE 56 OF xianshi.c: 't2': undefined identifier
  57   3            
  58   3          LcdWriteCom(0xC3);   //10秒位
  59   3          if(t2<6||t2==6)
*** ERROR C202 IN LINE 59 OF xianshi.c: 't2': undefined identifier
  60   3          {LcdWriteData('0'+t2);}
*** ERROR C202 IN LINE 60 OF xianshi.c: 't2': undefined identifier
  61   3          if(t2>6)
*** ERROR C202 IN LINE 61 OF xianshi.c: 't2': undefined identifier
  62   3          {t2=1;LcdWriteCom(0xC3);LcdWriteData('0');t3++;}
*** ERROR C202 IN LINE 62 OF xianshi.c: 't2': undefined identifier
*** ERROR C202 IN LINE 62 OF xianshi.c: 't3': undefined identifier
  63   3          
  64   3          LcdWriteCom(0xC1);   //1分钟位
  65   3          if(t3<10||t3==10)
*** ERROR C202 IN LINE 65 OF xianshi.c: 't3': undefined identifier
  66   3          {LcdWriteData('0'+t3);}
*** ERROR C202 IN LINE 66 OF xianshi.c: 't3': undefined identifier
  67   3          if(t3>10)
*** ERROR C202 IN LINE 67 OF xianshi.c: 't3': undefined identifier
  68   3          {t3=1;LcdWriteCom(0xC1);LcdWriteData('0');t4++;}
*** ERROR C202 IN LINE 68 OF xianshi.c: 't3': undefined identifier
*** ERROR C202 IN LINE 68 OF xianshi.c: 't4': undefined identifier
  69   3          
  70   3          LcdWriteCom(0xC0);   //10分钟位
  71   3          if(t4<6||t4==6)
*** ERROR C202 IN LINE 71 OF xianshi.c: 't4': undefined identifier
  72   3          {LcdWriteData('0'+t4);}
*** ERROR C202 IN LINE 72 OF xianshi.c: 't4': undefined identifier
  73   3          if(t4>6)
*** ERROR C202 IN LINE 73 OF xianshi.c: 't4': undefined identifier
  74   3          {t4=1;LcdWriteCom(0xC0);LcdWriteData('0');}
*** ERROR C202 IN LINE 74 OF xianshi.c: 't4': undefined identifier
  75   3          
  76   3        } if(K3==0)
  77   2              {break;}
*** ERROR C171 IN LINE 77 OF xianshi.c: 'break': missing enclosing loop
  78   2      }
  79   1        }
  80              

C51 COMPILATION COMPLETE.  0 WARNING(S),  23 ERROR(S)
